<?xml version="1.0" encoding="UTF-8"?>
<testsuite name="ch.phildev.evidence.k8.client.EvidenceK8ClientApplicationTests" tests="1" skipped="0" failures="0" errors="0" timestamp="2019-01-26T13:30:11" hostname="b3i-dev-pht" time="0.076">
  <properties/>
  <testcase name="contextLoads" classname="ch.phildev.evidence.k8.client.EvidenceK8ClientApplicationTests" time="0.076"/>
  <system-out><![CDATA[14:30:09.315 [Test worker] DEBUG org.springframework.test.context.junit4.SpringJUnit4ClassRunner - SpringJUnit4ClassRunner constructor called with [class ch.phildev.evidence.k8.client.EvidenceK8ClientApplicationTests]
14:30:09.320 [Test worker] DEBUG org.springframework.test.context.BootstrapUtils - Instantiating CacheAwareContextLoaderDelegate from class [org.springframework.test.context.cache.DefaultCacheAwareContextLoaderDelegate]
14:30:09.326 [Test worker] DEBUG org.springframework.test.context.BootstrapUtils - Instantiating BootstrapContext using constructor [public org.springframework.test.context.support.DefaultBootstrapContext(java.lang.Class,org.springframework.test.context.CacheAwareContextLoaderDelegate)]
14:30:09.339 [Test worker] DEBUG org.springframework.test.context.BootstrapUtils - Instantiating TestContextBootstrapper for test class [ch.phildev.evidence.k8.client.EvidenceK8ClientApplicationTests] from class [org.springframework.boot.test.context.SpringBootTestContextBootstrapper]
14:30:09.345 [Test worker] INFO org.springframework.boot.test.context.SpringBootTestContextBootstrapper - Neither @ContextConfiguration nor @ContextHierarchy found for test class [ch.phildev.evidence.k8.client.EvidenceK8ClientApplicationTests], using SpringBootContextLoader
14:30:09.347 [Test worker] DEBUG org.springframework.test.context.support.AbstractContextLoader - Did not detect default resource location for test class [ch.phildev.evidence.k8.client.EvidenceK8ClientApplicationTests]: class path resource [ch/phildev/evidence/k8/client/EvidenceK8ClientApplicationTests-context.xml] does not exist
14:30:09.347 [Test worker] DEBUG org.springframework.test.context.support.AbstractContextLoader - Did not detect default resource location for test class [ch.phildev.evidence.k8.client.EvidenceK8ClientApplicationTests]: class path resource [ch/phildev/evidence/k8/client/EvidenceK8ClientApplicationTestsContext.groovy] does not exist
14:30:09.347 [Test worker] INFO org.springframework.test.context.support.AbstractContextLoader - Could not detect default resource locations for test class [ch.phildev.evidence.k8.client.EvidenceK8ClientApplicationTests]: no resource found for suffixes {-context.xml, Context.groovy}.
14:30:09.348 [Test worker] INFO org.springframework.test.context.support.AnnotationConfigContextLoaderUtils - Could not detect default configuration classes for test class [ch.phildev.evidence.k8.client.EvidenceK8ClientApplicationTests]: EvidenceK8ClientApplicationTests does not declare any static, non-private, non-final, nested classes annotated with @Configuration.
14:30:09.373 [Test worker] DEBUG org.springframework.test.context.support.ActiveProfilesUtils - Could not find an 'annotation declaring class' for annotation type [org.springframework.test.context.ActiveProfiles] and class [ch.phildev.evidence.k8.client.EvidenceK8ClientApplicationTests]
14:30:09.411 [Test worker] DEBUG org.springframework.context.annotation.ClassPathScanningCandidateComponentProvider - Identified candidate component class: file [/home/philipp/git/scalableKubernetesEvidence/client/build/classes/kotlin/main/ch/phildev/evidence/k8/client/EvidenceK8ClientApplication.class]
14:30:09.413 [Test worker] INFO org.springframework.boot.test.context.SpringBootTestContextBootstrapper - Found @SpringBootConfiguration ch.phildev.evidence.k8.client.EvidenceK8ClientApplication for test class ch.phildev.evidence.k8.client.EvidenceK8ClientApplicationTests
14:30:09.486 [Test worker] DEBUG org.springframework.boot.test.context.SpringBootTestContextBootstrapper - @TestExecutionListeners is not present for class [ch.phildev.evidence.k8.client.EvidenceK8ClientApplicationTests]: using defaults.
14:30:09.487 [Test worker] INFO org.springframework.boot.test.context.SpringBootTestContextBootstrapper - Loaded default TestExecutionListener class names from location [META-INF/spring.factories]: [org.springframework.security.test.context.support.WithSecurityContextTestExecutionListener, org.springframework.security.test.context.support.ReactorContextTestExecutionListener, org.springframework.boot.test.autoconfigure.restdocs.RestDocsTestExecutionListener, org.springframework.boot.test.autoconfigure.web.client.MockRestServiceServerResetTestExecutionListener, org.springframework.boot.test.autoconfigure.web.servlet.MockMvcPrintOnlyOnFailureTestExecutionListener, org.springframework.boot.test.autoconfigure.web.servlet.WebDriverTestExecutionListener, org.springframework.boot.test.mock.mockito.MockitoTestExecutionListener, org.springframework.boot.test.mock.mockito.ResetMocksTestExecutionListener, org.springframework.test.context.web.ServletTestExecutionListener, org.springframework.test.context.support.DirtiesContextBeforeModesTestExecutionListener, org.springframework.test.context.support.DependencyInjectionTestExecutionListener, org.springframework.test.context.support.DirtiesContextTestExecutionListener, org.springframework.test.context.transaction.TransactionalTestExecutionListener, org.springframework.test.context.jdbc.SqlScriptsTestExecutionListener]
14:30:09.495 [Test worker] DEBUG org.springframework.boot.test.context.SpringBootTestContextBootstrapper - Skipping candidate TestExecutionListener [org.springframework.test.context.transaction.TransactionalTestExecutionListener] due to a missing dependency. Specify custom listener classes or make the default listener classes and their required dependencies available. Offending class: [org/springframework/transaction/TransactionDefinition]
14:30:09.496 [Test worker] DEBUG org.springframework.boot.test.context.SpringBootTestContextBootstrapper - Skipping candidate TestExecutionListener [org.springframework.test.context.jdbc.SqlScriptsTestExecutionListener] due to a missing dependency. Specify custom listener classes or make the default listener classes and their required dependencies available. Offending class: [org/springframework/transaction/interceptor/TransactionAttribute]
14:30:09.496 [Test worker] INFO org.springframework.boot.test.context.SpringBootTestContextBootstrapper - Using TestExecutionListeners: [org.springframework.test.context.web.ServletTestExecutionListener@66ce51, org.springframework.test.context.support.DirtiesContextBeforeModesTestExecutionListener@63901081, org.springframework.boot.test.mock.mockito.MockitoTestExecutionListener@1002fec, org.springframework.boot.test.autoconfigure.SpringBootDependencyInjectionTestExecutionListener@14a4b74c, org.springframework.test.context.support.DirtiesContextTestExecutionListener@2206e7cf, org.springframework.security.test.context.support.WithSecurityContextTestExecutionListener@4171ff16, org.springframework.security.test.context.support.ReactorContextTestExecutionListener@410ed79b, org.springframework.boot.test.autoconfigure.restdocs.RestDocsTestExecutionListener@70210621, org.springframework.boot.test.autoconfigure.web.client.MockRestServiceServerResetTestExecutionListener@658cbf75, org.springframework.boot.test.autoconfigure.web.servlet.MockMvcPrintOnlyOnFailureTestExecutionListener@2b4b759d, org.springframework.boot.test.autoconfigure.web.servlet.WebDriverTestExecutionListener@1c4ecd60, org.springframework.boot.test.mock.mockito.ResetMocksTestExecutionListener@64a6c0c6]
14:30:09.498 [Test worker] DEBUG org.springframework.test.annotation.ProfileValueUtils - Retrieved @ProfileValueSourceConfiguration [null] for test class [ch.phildev.evidence.k8.client.EvidenceK8ClientApplicationTests]
14:30:09.498 [Test worker] DEBUG org.springframework.test.annotation.ProfileValueUtils - Retrieved ProfileValueSource type [class org.springframework.test.annotation.SystemProfileValueSource] for class [ch.phildev.evidence.k8.client.EvidenceK8ClientApplicationTests]
14:30:09.498 [Test worker] DEBUG org.springframework.test.annotation.ProfileValueUtils - Retrieved @ProfileValueSourceConfiguration [null] for test class [ch.phildev.evidence.k8.client.EvidenceK8ClientApplicationTests]
14:30:09.499 [Test worker] DEBUG org.springframework.test.annotation.ProfileValueUtils - Retrieved ProfileValueSource type [class org.springframework.test.annotation.SystemProfileValueSource] for class [ch.phildev.evidence.k8.client.EvidenceK8ClientApplicationTests]
14:30:09.501 [Test worker] DEBUG org.springframework.test.context.support.AbstractDirtiesContextTestExecutionListener - Before test class: context [DefaultTestContext@7ec62993 testClass = EvidenceK8ClientApplicationTests, testInstance = [null], testMethod = [null], testException = [null], mergedContextConfiguration = [WebMergedContextConfiguration@4dac195f testClass = EvidenceK8ClientApplicationTests, locations = '{}', classes = '{class ch.phildev.evidence.k8.client.EvidenceK8ClientApplication}', contextInitializerClasses = '[]', activeProfiles = '{}', propertySourceLocations = '{}', propertySourceProperties = '{org.springframework.boot.test.context.SpringBootTestContextBootstrapper=true}', contextCustomizers = set[org.springframework.boot.test.autoconfigure.properties.PropertyMappingContextCustomizer@0, org.springframework.boot.test.autoconfigure.web.servlet.WebDriverContextCustomizerFactory$Customizer@76903b7f, org.springframework.boot.test.context.filter.ExcludeFilterContextCustomizer@2603d78d, org.springframework.boot.test.json.DuplicateJsonObjectContextCustomizerFactory$DuplicateJsonObjectContextCustomizer@78320fa3, org.springframework.boot.test.mock.mockito.MockitoContextCustomizer@0, org.springframework.boot.test.web.client.TestRestTemplateContextCustomizer@516e4a63, org.springframework.boot.test.web.reactive.server.WebTestClientContextCustomizer@669624b3], resourceBasePath = 'src/main/webapp', contextLoader = 'org.springframework.boot.test.context.SpringBootContextLoader', parent = [null]], attributes = map['org.springframework.test.context.web.ServletTestExecutionListener.activateListener' -> true]], class annotated with @DirtiesContext [false] with mode [null].
14:30:09.502 [Test worker] DEBUG org.springframework.test.annotation.ProfileValueUtils - Retrieved @ProfileValueSourceConfiguration [null] for test class [ch.phildev.evidence.k8.client.EvidenceK8ClientApplicationTests]
14:30:09.502 [Test worker] DEBUG org.springframework.test.annotation.ProfileValueUtils - Retrieved ProfileValueSource type [class org.springframework.test.annotation.SystemProfileValueSource] for class [ch.phildev.evidence.k8.client.EvidenceK8ClientApplicationTests]
14:30:09.512 [Test worker] DEBUG org.springframework.test.context.support.TestPropertySourceUtils - Adding inlined properties to environment: {spring.jmx.enabled=false, org.springframework.boot.test.context.SpringBootTestContextBootstrapper=true, server.port=-1}

  .   ____          _            __ _ _
 /\\ / ___'_ __ _ _(_)_ __  __ _ \ \ \ \
( ( )\___ | '_ | '_| | '_ \/ _` | \ \ \ \
 \\/  ___)| |_)| | | | | || (_| |  ) ) ) )
  '  |____| .__|_| |_|_| |_\__, | / / / /
 =========|_|==============|___/=/_/_/_/
 :: Spring Boot ::        (v2.1.2.RELEASE)

2019-01-26 14:30:09.648  INFO 8377 --- [    Test worker] p.e.k.c.EvidenceK8ClientApplicationTests : Starting EvidenceK8ClientApplicationTests on b3i-dev-pht with PID 8377 (started by philipp in /home/philipp/git/scalableKubernetesEvidence/client)
2019-01-26 14:30:09.649  INFO 8377 --- [    Test worker] p.e.k.c.EvidenceK8ClientApplicationTests : No active profile set, falling back to default profiles: default
2019-01-26 14:30:10.591  INFO 8377 --- [    Test worker] o.s.s.concurrent.ThreadPoolTaskExecutor  : Initializing ExecutorService 'applicationTaskExecutor'
2019-01-26 14:30:10.830  INFO 8377 --- [    Test worker] .s.s.UserDetailsServiceAutoConfiguration : 

Using generated security password: f52c140a-cfaf-4aee-bf7e-27ca585f8ebd

2019-01-26 14:30:10.930  INFO 8377 --- [    Test worker] o.s.s.web.DefaultSecurityFilterChain     : Creating filter chain: any request, [org.springframework.security.web.context.request.async.WebAsyncManagerIntegrationFilter@1506f75f, org.springframework.security.web.context.SecurityContextPersistenceFilter@7974af71, org.springframework.security.web.header.HeaderWriterFilter@2d75f8ab, org.springframework.security.web.csrf.CsrfFilter@18f1e55c, org.springframework.security.web.authentication.logout.LogoutFilter@34f0319d, org.springframework.security.web.authentication.UsernamePasswordAuthenticationFilter@ecbf8bf, org.springframework.security.web.authentication.ui.DefaultLoginPageGeneratingFilter@7e007a69, org.springframework.security.web.authentication.ui.DefaultLogoutPageGeneratingFilter@5ade9213, org.springframework.security.web.authentication.www.BasicAuthenticationFilter@3d21c86c, org.springframework.security.web.savedrequest.RequestCacheAwareFilter@240dd568, org.springframework.security.web.servletapi.SecurityContextHolderAwareRequestFilter@40807cd2, org.springframework.security.web.authentication.AnonymousAuthenticationFilter@4959c0f5, org.springframework.security.web.session.SessionManagementFilter@11530874, org.springframework.security.web.access.ExceptionTranslationFilter@3fc88eb0, org.springframework.security.web.access.intercept.FilterSecurityInterceptor@4b154e3b]
2019-01-26 14:30:11.112  INFO 8377 --- [    Test worker] p.e.k.c.EvidenceK8ClientApplicationTests : Started EvidenceK8ClientApplicationTests in 1.596 seconds (JVM running for 2.109)
]]></system-out>
  <system-err><![CDATA[]]></system-err>
</testsuite>
